<?xml version="1.0" encoding="UTF-8"?>
<!-- Generated by org.testng.reporters.JUnitReportReporter -->
<testsuite hostname="DESKTOP-MG56N09" failures="0" tests="1" name="runner.TestRunner" time="146.317" errors="0" timestamp="2022-06-19T22:16:51 IST" skipped="0">
  <testcase classname="runner.TestRunner" name="runScenario" time="146.317"/>
  <system-out/>
</testsuite> <!-- runner.TestRunner -->
